<?xml version="1.0" encoding="UTF-8"?>
<!-- Generated by org.testng.reporters.JUnitReportReporter -->
<testsuite hostname="DESKTOP-J1E77CM" failures="0" tests="1" name="testcases.Tc_06_Search_additem" time="57.096" errors="0" timestamp="2024-10-20T10:10:17 IST" skipped="0">
  <testcase classname="testcases.Tc_06_Search_additem" name="SearchAddItemInCart" time="57.096"/>
</testsuite> <!-- testcases.Tc_06_Search_additem -->
