<?xml version="1.0" encoding="UTF-8"?>
<!-- Generated by org.testng.reporters.JUnitReportReporter -->
<testsuite hostname="DESKTOP-J1E77CM" failures="0" tests="1" name="testcases.Tc_09_Checkout_fillingpage" time="108.709" errors="0" timestamp="2024-10-20T10:10:17 IST" skipped="0">
  <testcase classname="testcases.Tc_09_Checkout_fillingpage" name="CheckOutPageFillingas_using_guest" time="108.709"/>
</testsuite> <!-- testcases.Tc_09_Checkout_fillingpage -->
