<?xml version="1.0" encoding="UTF-8"?>
<!-- Generated by org.testng.reporters.JUnitReportReporter -->
<testsuite hostname="DESKTOP-J1E77CM" failures="0" tests="1" name="testcases.Tc_01_Navigatetowebpage" time="18.415" errors="0" timestamp="2024-10-20T10:10:17 IST" skipped="0">
  <testcase classname="testcases.Tc_01_Navigatetowebpage" name="NavigatingToBestBestApp" time="18.415"/>
</testsuite> <!-- testcases.Tc_01_Navigatetowebpage -->
